\BOOKMARK [0][-]{chapter.1}{\376\377\000I\000n\000t\000r\000o\000d\000u\000c\000t\000i\000o\000n\000\040\000t\000o\000\040\000t\000h\000e\000\040\000V\000E\000R\000C\000E\000\040\000p\000l\000a\000t\000f\000o\000r\000m}{}% 1
\BOOKMARK [0][-]{chapter.2}{\376\377\000I\000n\000t\000r\000o\000d\000u\000c\000t\000i\000o\000n\000\040\000t\000o\000\040\000f\000u\000l\000l\000\040\000w\000a\000v\000e\000f\000o\000r\000m\000\040\000m\000o\000d\000e\000l\000i\000n\000g}{}% 2
\BOOKMARK [1][-]{section.2.1}{\376\377\000W\000h\000y\000\040\000f\000u\000l\000l\000\040\000w\000a\000v\000e\000f\000o\000r\000m\000?}{chapter.2}% 3
\BOOKMARK [1][-]{section.2.2}{\376\377\000C\000a\000l\000c\000u\000l\000a\000t\000i\000n\000g\000\040\000t\000h\000e\000\040\000w\000a\000v\000e\000\040\000f\000i\000e\000l\000d}{chapter.2}% 4
\BOOKMARK [1][-]{section.2.3}{\376\377\000H\000i\000g\000h\000\040\000p\000e\000r\000f\000o\000r\000m\000a\000n\000c\000e\000\040\000c\000o\000m\000p\000u\000t\000i\000n\000g\000\040\000i\000n\000\040\000s\000e\000i\000s\000m\000i\000c\000\040\000w\000a\000v\000e\000f\000o\000r\000m\000\040\000m\000o\000d\000e\000l\000i\000n\000g}{chapter.2}% 5
\BOOKMARK [1][-]{section.2.4}{\376\377\000W\000h\000a\000t\000\040\000d\000o\000\040\000I\000\040\000n\000e\000e\000d\000\040\000t\000o\000\040\000r\000u\000n\000\040\000a\000\040\000s\000i\000m\000u\000l\000a\000t\000i\000o\000n\000?}{chapter.2}% 6
\BOOKMARK [0][-]{chapter.3}{\376\377\000R\000e\000g\000i\000s\000t\000e\000r\000i\000n\000g\000\040\000f\000o\000r\000\040\000t\000h\000e\000\040\000p\000l\000a\000t\000f\000o\000r\000m\000\040\000a\000n\000d\000\040\000c\000e\000r\000t\000i\000f\000i\000c\000a\000t\000i\000o\000n}{}% 7
\BOOKMARK [1][-]{section.3.1}{\376\377\000R\000e\000g\000i\000s\000t\000e\000r\000i\000n\000g\000\040\000f\000o\000r\000\040\000t\000h\000e\000\040\000p\000l\000a\000t\000f\000o\000r\000m}{chapter.3}% 8
\BOOKMARK [1][-]{section.3.2}{\376\377\000G\000e\000t\000t\000i\000n\000g\000\040\000a\000\040\000c\000e\000r\000t\000i\000f\000i\000c\000a\000t\000e}{chapter.3}% 9
\BOOKMARK [1][-]{section.3.3}{\376\377\000I\000n\000s\000t\000a\000l\000l\000i\000n\000g\000\040\000y\000o\000u\000r\000\040\000c\000e\000r\000t\000i\000f\000i\000c\000a\000t\000e\000\040\000i\000n\000\040\000y\000o\000u\000r\000\040\000b\000r\000o\000w\000s\000e\000r}{chapter.3}% 10
\BOOKMARK [1][-]{section.3.4}{\376\377\000R\000e\000g\000i\000s\000t\000e\000r\000i\000n\000g\000\040\000f\000o\000r\000\040\000s\000u\000p\000e\000r\000\040\000c\000o\000m\000p\000u\000t\000i\000n\000g\000\040\000a\000n\000d\000\040\000d\000a\000t\000a\000\040\000r\000e\000s\000o\000u\000r\000c\000e\000s}{chapter.3}% 11
\BOOKMARK [1][-]{section.3.5}{\376\377\000C\000r\000e\000a\000t\000i\000n\000g\000\040\000a\000n\000d\000\040\000u\000p\000l\000o\000a\000d\000i\000n\000g\000\040\000p\000r\000o\000x\000y\000\040\000c\000e\000r\000t\000i\000f\000i\000c\000a\000t\000e\000s}{chapter.3}% 12
\BOOKMARK [2][-]{subsection.3.5.1}{\376\377\000M\000Y\000P\000R\000O\000X\000Y\000\040\000T\000o\000o\000l\000s}{section.3.5}% 13
\BOOKMARK [2][-]{subsection.3.5.2}{\376\377\000U\000p\000l\000o\000a\000d\000i\000n\000g\000\040\000a\000\040\000p\000r\000o\000x\000y\000\040\000c\000e\000r\000t\000i\000f\000i\000c\000a\000t\000e\000\040\000t\000o\000\040\000t\000h\000e\000\040\000V\000E\000R\000C\000E\000\040\000p\000l\000a\000t\000f\000o\000r\000m}{section.3.5}% 14
\BOOKMARK [2][-]{subsection.3.5.3}{\376\377\000C\000e\000r\000t\000i\000f\000i\000c\000a\000t\000e\000\040\000A\000s\000s\000o\000c\000i\000a\000t\000i\000o\000n}{section.3.5}% 15
\BOOKMARK [0][-]{chapter.4}{\376\377\000A\000\040\000t\000o\000u\000r\000\040\000o\000f\000\040\000t\000h\000e\000\040\000V\000E\000R\000C\000E\000\040\000p\000l\000a\000t\000f\000o\000r\000m}{}% 16
\BOOKMARK [1][-]{section.4.1}{\376\377\000W\000e\000l\000c\000o\000m\000e\000\040\000\046\000\040\000N\000e\000w\000s\000\040\000t\000a\000b\000s}{chapter.4}% 17
\BOOKMARK [1][-]{section.4.2}{\376\377\000S\000e\000c\000u\000r\000i\000t\000y\000\040\000t\000a\000b}{chapter.4}% 18
\BOOKMARK [1][-]{section.4.3}{\376\377\000F\000o\000r\000w\000a\000r\000d\000\040\000M\000o\000d\000e\000l\000l\000i\000n\000g\000\040\000t\000a\000b}{chapter.4}% 19
\BOOKMARK [1][-]{section.4.4}{\376\377\000P\000r\000o\000v\000e\000n\000a\000n\000c\000e\000\040\000t\000a\000b}{chapter.4}% 20
\BOOKMARK [1][-]{section.4.5}{\376\377\000F\000i\000l\000e\000\040\000M\000a\000n\000a\000g\000e\000r\000\040\000t\000a\000b}{chapter.4}% 21
\BOOKMARK [1][-]{section.4.6}{\376\377\000I\000R\000O\000D\000S\000\040\000t\000a\000b}{chapter.4}% 22
\BOOKMARK [1][-]{section.4.7}{\376\377\000T\000h\000e\000\040\000M\000e\000s\000h\000e\000s\000\040\000a\000n\000d\000\040\000m\000o\000d\000e\000l\000s\000\040\000a\000l\000r\000e\000a\000d\000y\000\040\000u\000p\000l\000o\000a\000d\000e\000d}{chapter.4}% 23
\BOOKMARK [0][-]{chapter.5}{\376\377\000A\000\040\000S\000P\000E\000C\000F\000E\000M\0003\000D\000\137\000C\000a\000r\000t\000e\000s\000i\000a\000n\000\040\000s\000i\000m\000u\000l\000a\000t\000i\000o\000n\000\040\000e\000x\000a\000m\000p\000l\000e}{}% 24
\BOOKMARK [1][-]{section.5.1}{\376\377\000P\000r\000e\000p\000a\000r\000i\000n\000g\000\040\000t\000h\000e\000\040\000p\000o\000r\000t\000a\000l}{chapter.5}% 25
\BOOKMARK [1][-]{section.5.2}{\376\377\000S\000e\000l\000e\000c\000t\000i\000n\000g\000\040\000a\000\040\000s\000o\000l\000v\000e\000r\000,\000\040\000m\000e\000s\000h\000\040\000a\000n\000d\000\040\000v\000e\000l\000o\000c\000i\000t\000y\000\040\000m\000o\000d\000e\000l}{chapter.5}% 26
\BOOKMARK [1][-]{section.5.3}{\376\377\000S\000p\000e\000c\000i\000f\000y\000i\000n\000g\000\040\000t\000h\000e\000\040\000i\000n\000p\000u\000t\000\040\000p\000a\000r\000a\000m\000e\000t\000e\000r\000s\000\040\000f\000o\000r\000\040\000S\000P\000E\000C\000F\000E\000M\0003\000D\000\137\000C\000a\000r\000t\000e\000s\000i\000a\000n}{chapter.5}% 27
\BOOKMARK [1][-]{section.5.4}{\376\377\000S\000e\000l\000e\000c\000t\000i\000n\000g\000\040\000e\000a\000r\000t\000h\000q\000u\000a\000k\000e\000s}{chapter.5}% 28
\BOOKMARK [1][-]{section.5.5}{\376\377\000S\000e\000l\000e\000c\000t\000i\000n\000g\000\040\000s\000t\000a\000t\000i\000o\000n\000s}{chapter.5}% 29
\BOOKMARK [1][-]{section.5.6}{\376\377\000S\000u\000b\000m\000i\000t\000t\000i\000n\000g\000\040\000t\000h\000e\000\040\000j\000o\000b}{chapter.5}% 30
\BOOKMARK [1][-]{section.5.7}{\376\377\000M\000o\000n\000i\000t\000o\000r\000i\000n\000g\000\040\000t\000h\000e\000\040\000j\000o\000b}{chapter.5}% 31
\BOOKMARK [0][-]{chapter.6}{\376\377\000A\000\040\000S\000P\000E\000C\000F\000E\000M\0003\000D\000\137\000G\000L\000O\000B\000E\000\040\000s\000i\000m\000u\000l\000a\000t\000i\000o\000n\000\040\000e\000x\000a\000m\000p\000l\000e}{}% 32
\BOOKMARK [1][-]{section.6.1}{\376\377\000I\000n\000t\000r\000o\000d\000u\000c\000t\000i\000o\000n}{chapter.6}% 33
\BOOKMARK [1][-]{section.6.2}{\376\377\000S\000e\000t\000t\000i\000n\000g\000\040\000t\000h\000e\000\040\000s\000i\000m\000u\000l\000a\000t\000i\000o\000n\000\040\000a\000r\000e\000a}{chapter.6}% 34
\BOOKMARK [2][-]{subsection.6.2.1}{\376\377\000G\000l\000o\000b\000a\000l\000\040\000S\000i\000m\000u\000l\000a\000t\000i\000o\000n}{section.6.2}% 35
\BOOKMARK [2][-]{subsection.6.2.2}{\376\377\000R\000e\000g\000i\000o\000n\000a\000l\000\040\000S\000i\000m\000u\000l\000a\000t\000i\000o\000n}{section.6.2}% 36
\BOOKMARK [1][-]{section.6.3}{\376\377\000S\000e\000l\000e\000c\000t\000i\000n\000g\000\040\000a\000\040\000v\000e\000l\000o\000c\000i\000t\000y\000\040\000m\000o\000d\000e\000l}{chapter.6}% 37
\BOOKMARK [1][-]{section.6.4}{\376\377\000D\000e\000f\000i\000n\000i\000n\000g\000\040\000t\000h\000e\000\040\000r\000e\000s\000o\000l\000u\000t\000i\000o\000n\000\040\000\046\000\040\000m\000e\000s\000h\000\040\000p\000a\000r\000a\000m\000e\000t\000e\000r\000s}{chapter.6}% 38
\BOOKMARK [1][-]{section.6.5}{\376\377\000S\000e\000l\000e\000c\000t\000i\000n\000g\000\040\000a\000n\000\040\000E\000a\000r\000t\000h\000q\000u\000a\000k\000e}{chapter.6}% 39
\BOOKMARK [1][-]{section.6.6}{\376\377\000S\000e\000l\000e\000c\000t\000i\000n\000g\000\040\000s\000t\000a\000t\000i\000o\000n\000s}{chapter.6}% 40
\BOOKMARK [1][-]{section.6.7}{\376\377\000S\000u\000b\000m\000i\000t\000t\000i\000n\000g\000\040\000a\000n\000d\000\040\000m\000o\000n\000i\000t\000o\000r\000i\000n\000g\000\040\000t\000h\000e\000\040\000s\000i\000m\000u\000l\000a\000t\000i\000o\000n}{chapter.6}% 41
\BOOKMARK [1][-]{section.6.8}{\376\377\000O\000u\000t\000p\000u\000t\000s\000\040\000f\000r\000o\000m\000\040\000r\000e\000g\000i\000o\000n\000a\000l\000\040\000\046\000\040\000g\000l\000o\000b\000a\000l\000\040\000s\000i\000m\000u\000l\000a\000t\000i\000o\000n\000s}{chapter.6}% 42
\BOOKMARK [0][-]{chapter.7}{\376\377\000P\000r\000o\000c\000e\000s\000s\000i\000n\000g\000\040\000a\000n\000d\000\040\000A\000c\000c\000e\000s\000s\000i\000n\000g\000\040\000t\000h\000e\000\040\000R\000e\000s\000u\000l\000t\000s}{}% 43
\BOOKMARK [1][-]{section.7.1}{\376\377\000O\000u\000t\000p\000u\000t\000s\000\040\000o\000f\000\040\000t\000h\000e\000\040\000f\000o\000r\000w\000a\000r\000d\000\040\000s\000i\000m\000u\000l\000a\000t\000i\000o\000n\000s}{chapter.7}% 44
\BOOKMARK [2][-]{subsection.7.1.1}{\376\377\000W\000a\000v\000e\000f\000o\000r\000m\000\040\000o\000u\000t\000p\000u\000t\000s}{section.7.1}% 45
\BOOKMARK [2][-]{subsection.7.1.2}{\376\377\000A\000n\000i\000m\000a\000t\000i\000o\000n\000\040\000o\000u\000t\000p\000u\000t\000s}{section.7.1}% 46
\BOOKMARK [2][-]{subsection.7.1.3}{\376\377\000O\000t\000h\000e\000r\000\040\000o\000u\000t\000p\000u\000t\000s}{section.7.1}% 47
\BOOKMARK [1][-]{section.7.2}{\376\377\000D\000o\000w\000n\000l\000o\000a\000d\000i\000n\000g\000\040\000o\000b\000s\000e\000r\000v\000e\000d\000\040\000d\000a\000t\000a}{chapter.7}% 48
\BOOKMARK [1][-]{section.7.3}{\376\377\000W\000a\000v\000e\000f\000o\000r\000m\000\040\000p\000r\000o\000c\000e\000s\000s\000i\000n\000g}{chapter.7}% 49
\BOOKMARK [1][-]{section.7.4}{\376\377\000M\000i\000s\000f\000i\000t\000\040\000c\000a\000l\000c\000u\000l\000a\000t\000i\000o\000n}{chapter.7}% 50
\BOOKMARK [1][-]{section.7.5}{\376\377\000A\000c\000c\000e\000s\000s\000i\000n\000g\000\040\000t\000h\000e\000\040\000r\000e\000s\000u\000l\000t\000s\000\040\000t\000h\000r\000o\000u\000g\000h\000\040\000i\000R\000O\000D\000S}{chapter.7}% 51
\BOOKMARK [0][-]{chapter.8}{\376\377\000R\000u\000n\000n\000i\000n\000g\000\040\000S\000P\000E\000C\000F\000E\000M\0003\000D\000\137\000C\000a\000r\000t\000e\000s\000i\000a\000n\000\040\000s\000i\000m\000u\000l\000a\000t\000i\000o\000n\000s\000\040\000u\000s\000i\000n\000g\000\040\000y\000o\000u\000r\000\040\000o\000w\000n\000\040\000d\000a\000t\000a}{}% 52
\BOOKMARK [1][-]{section.8.1}{\376\377\000C\000r\000e\000a\000t\000i\000n\000g\000\040\000y\000o\000u\000r\000\040\000o\000w\000n\000\040\000v\000e\000l\000o\000c\000i\000t\000y\000\040\000m\000o\000d\000e\000l}{chapter.8}% 53
\BOOKMARK [1][-]{section.8.2}{\376\377\000C\000r\000e\000a\000t\000i\000n\000g\000\040\000a\000\040\000b\000e\000s\000p\000o\000k\000e\000\040\000m\000e\000s\000h\000\040\000f\000o\000r\000\040\000y\000o\000u\000r\000\040\000a\000r\000e\000a}{chapter.8}% 54
\BOOKMARK [2][-]{subsection.8.2.1}{\376\377\000M\000e\000s\000h\000i\000n\000g\000\040\000p\000a\000r\000a\000m\000e\000t\000e\000r\000s}{section.8.2}% 55
\BOOKMARK [2][-]{subsection.8.2.2}{\376\377\000M\000e\000s\000h\000i\000n\000g\000\040\000s\000o\000f\000t\000w\000a\000r\000e}{section.8.2}% 56
\BOOKMARK [1][-]{section.8.3}{\376\377\000S\000u\000b\000m\000i\000t\000t\000i\000n\000g\000\040\000a\000\040\000m\000e\000s\000h\000\040\000a\000n\000d\000\040\000a\000\040\000v\000e\000l\000o\000c\000i\000t\000y\000\040\000m\000o\000d\000e\000l}{chapter.8}% 57
\BOOKMARK [1][-]{section.8.4}{\376\377\000S\000u\000b\000m\000i\000t\000t\000i\000n\000g\000\040\000a\000\040\000n\000e\000w\000\040\000s\000t\000a\000t\000i\000o\000n\000\040\000c\000a\000t\000a\000l\000o\000g\000u\000e}{chapter.8}% 58
\BOOKMARK [0][-]{chapter.9}{\376\377\000V\000E\000R\000C\000E\000\040\000g\000l\000o\000s\000s\000a\000r\000y}{}% 59
\BOOKMARK [0][-]{appendix.A}{\376\377\000A\000p\000p\000e\000n\000d\000i\000x\000\040\0001\000\040\040\023\000\040\000S\000P\000E\000C\000F\000E\000M\0003\000D\000\137\000C\000a\000r\000t\000e\000s\000i\000a\000n\040\031\000s\000\040\000F\000l\000a\000g\000s}{}% 60
\BOOKMARK [1][-]{section.A.1}{\376\377\000G\000r\000o\000u\000p\000\040\0000\000\040\000-\000\040\000B\000a\000s\000i\000c}{appendix.A}% 61
\BOOKMARK [1][-]{section.A.2}{\376\377\000G\000r\000o\000u\000p\000\040\0001\000\040\040\023\000\040\000I\000n\000v\000e\000r\000s\000e\000\040\000p\000r\000o\000b\000l\000e\000m}{appendix.A}% 62
\BOOKMARK [1][-]{section.A.3}{\376\377\000G\000r\000o\000u\000p\000\040\0002\000\040\040\023\000\040\000U\000T\000M\000\040\000p\000r\000o\000j\000e\000c\000t\000i\000o\000n}{appendix.A}% 63
\BOOKMARK [1][-]{section.A.4}{\376\377\000G\000r\000o\000u\000p\000\040\0003\000\040\040\023\000\040\000A\000t\000t\000e\000n\000u\000a\000t\000i\000o\000n}{appendix.A}% 64
\BOOKMARK [1][-]{section.A.5}{\376\377\000G\000r\000o\000u\000p\000\040\0004\000\040\040\023\000\040\000A\000b\000s\000o\000r\000b\000i\000n\000g\000\040\000B\000o\000u\000n\000d\000a\000r\000y\000\040\000C\000o\000n\000d\000i\000t\000i\000o\000n\000s}{appendix.A}% 65
\BOOKMARK [1][-]{section.A.6}{\376\377\000G\000r\000o\000u\000p\000\040\0005\000\040\040\023\000\040\000S\000e\000i\000s\000m\000o\000g\000r\000a\000m\000s}{appendix.A}% 66
\BOOKMARK [1][-]{section.A.7}{\376\377\000G\000r\000o\000u\000p\000\040\0006\000\040\040\023\000\040\000S\000o\000u\000r\000c\000e\000s}{appendix.A}% 67
\BOOKMARK [1][-]{section.A.8}{\376\377\000G\000r\000o\000u\000p\000\040\0007\000\040\040\023\000\040\000V\000i\000s\000u\000a\000l\000i\000s\000a\000t\000i\000o\000n}{appendix.A}% 68
\BOOKMARK [1][-]{section.A.9}{\376\377\000G\000r\000o\000u\000p\000\040\0008\000\040\040\023\000\040\000A\000d\000j\000o\000i\000n\000t\000\040\000K\000e\000r\000n\000e\000l\000\040\000O\000p\000t\000i\000o\000n\000s}{appendix.A}% 69
\BOOKMARK [1][-]{section.A.10}{\376\377\000G\000r\000o\000u\000p\000\040\0009\000\040\040\023\000\040\000A\000d\000v\000a\000n\000c\000e\000d}{appendix.A}% 70
\BOOKMARK [0][-]{appendix.B}{\376\377\000A\000p\000p\000e\000n\000d\000i\000x\000\040\0002\000\040\040\023\000\040\000S\000P\000E\000C\000F\000E\000M\0003\000D\000\137\000G\000L\000O\000B\000E\040\031\000s\000\040\000F\000l\000a\000g\000s}{}% 71
\BOOKMARK [1][-]{section.B.1}{\376\377\000G\000r\000o\000u\000p\000\040\0000\000\040\000-\000\040\000B\000a\000s\000i\000c}{appendix.B}% 72
\BOOKMARK [1][-]{section.B.2}{\376\377\000G\000r\000o\000u\000p\000\040\0001\000\040\040\023\000\040\000I\000n\000v\000e\000r\000s\000e\000\040\000P\000r\000o\000b\000l\000e\000m}{appendix.B}% 73
\BOOKMARK [1][-]{section.B.3}{\376\377\000G\000r\000o\000u\000p\000\040\0002\000\040\040\023\000\040\000S\000i\000m\000u\000l\000a\000t\000i\000o\000n\000\040\000A\000r\000e\000a}{appendix.B}% 74
\BOOKMARK [1][-]{section.B.4}{\376\377\000G\000r\000o\000u\000p\000\040\0003\000\040\040\023\000\040\000M\000e\000s\000h\000\040\000P\000a\000r\000a\000m\000e\000t\000e\000r\000s}{appendix.B}% 75
\BOOKMARK [1][-]{section.B.5}{\376\377\000G\000r\000o\000u\000p\000\040\0004\000\040\040\023\000\040\000A\000d\000j\000o\000i\000n\000t\000\040\000K\000e\000r\000n\000e\000l\000\040\000O\000p\000t\000i\000o\000n\000s}{appendix.B}% 76
\BOOKMARK [1][-]{section.B.6}{\376\377\000G\000r\000o\000u\000p\000\040\0005\000\040\000-\000\040\000M\000o\000v\000i\000e}{appendix.B}% 77
\BOOKMARK [1][-]{section.B.7}{\376\377\000G\000r\000o\000u\000p\000\040\0006\000\040\000-\000\040\000S\000o\000u\000r\000c\000e\000s}{appendix.B}% 78
\BOOKMARK [1][-]{section.B.8}{\376\377\000G\000r\000o\000u\000p\000\040\0007\000\040\000-\000\040\000S\000e\000i\000s\000m\000o\000g\000r\000a\000m\000s}{appendix.B}% 79
\BOOKMARK [1][-]{section.B.9}{\376\377\000G\000r\000o\000u\000p\000\040\0008\000\040\000-\000\040\000A\000d\000v\000a\000n\000c\000e\000d}{appendix.B}% 80
\BOOKMARK [0][-]{appendix.C}{\376\377\000A\000p\000p\000e\000n\000d\000i\000x\000\040\0003\000\040\040\023\000\040\000U\000s\000i\000n\000g\000\040\000O\000b\000s\000P\000y}{}% 81
\BOOKMARK [0][-]{appendix.D}{\376\377\000A\000p\000p\000e\000n\000d\000i\000x\000\040\0004\000\040\040\023\000\040\000u\000s\000i\000n\000g\000\040\000d\000i\000s\000p\000e\000l\0004\000p\000y}{}% 82
\BOOKMARK [1][-]{section.D.1}{\376\377\000I\000n\000s\000t\000a\000l\000l\000i\000n\000g\000\040\000D\000i\000s\000p\000e\000l\0004\000P\000y}{appendix.D}% 83
\BOOKMARK [1][-]{section.D.2}{\376\377\000U\000s\000i\000n\000g\000\040\000D\000i\000s\000p\000l\000e\0004\000P\000y}{appendix.D}% 84
